c:\users\maria\documents\github\eda\boggle\debug\vc142.pdb
c:\users\maria\documents\github\eda\boggle\debug\vc142.idb
c:\users\maria\documents\github\eda\boggle\debug\timed_read.obj
c:\users\maria\documents\github\eda\boggle\debug\main.obj
c:\users\maria\documents\github\eda\boggle\debug\cube.obj
c:\users\maria\documents\github\eda\boggle\debug\player.obj
c:\users\ricardo\source\repos\eda\boggle\debug\vc142.pdb
c:\users\ricardo\source\repos\eda\boggle\debug\vc142.idb
c:\users\ricardo\source\repos\eda\boggle\debug\timed_read.obj
c:\users\ricardo\source\repos\eda\boggle\debug\main.obj
c:\users\ricardo\source\repos\eda\boggle\debug\cube.obj
c:\users\ricardo\source\repos\eda\boggle\debug\player.obj
c:\users\ricardo\source\repos\eda\boggle\debug\testboard.obj
c:\users\ricardo\source\repos\eda\boggle\debug\board.obj
c:\users\maria\documents\github\eda\boggle\debug\boggle.ilk
c:\users\maria\documents\github\eda\boggle\debug\boggle.exe
c:\users\maria\documents\github\eda\boggle\debug\boggle.pdb
c:\users\ricardo\source\repos\eda\boggle\debug\boggle.ilk
c:\users\ricardo\source\repos\eda\boggle\debug\boggle.pdb
c:\users\ricardo\source\repos\eda\boggle\debug\boggle.tlog\cl.command.1.tlog
c:\users\ricardo\source\repos\eda\boggle\debug\boggle.tlog\cl.read.1.tlog
c:\users\ricardo\source\repos\eda\boggle\debug\boggle.tlog\cl.write.1.tlog
c:\users\ricardo\source\repos\eda\boggle\debug\boggle.tlog\link.command.1.tlog
c:\users\ricardo\source\repos\eda\boggle\debug\boggle.tlog\link.read.1.tlog
c:\users\ricardo\source\repos\eda\boggle\debug\boggle.tlog\link.write.1.tlog
